#
# There is insufficient memory for the Java Runtime Environment to continue.
# Native memory allocation (mmap) failed to map 1798569984 bytes for committing reserved memory.
# Possible reasons:
#   The system is out of physical RAM or swap space
#   In 32 bit mode, the process size limit was hit
# Possible solutions:
#   Reduce memory load on the system
#   Increase physical memory or swap space
#   Check if swap backing store is full
#   Use 64 bit Java on a 64 bit OS
#   Decrease Java heap size (-Xmx/-Xms)
#   Decrease number of Java threads
#   Decrease Java thread stack sizes (-Xss)
#   Set larger code cache with -XX:ReservedCodeCacheSize=
# This output file may be truncated or incomplete.
#
#  Out of Memory Error (os_linux.cpp:2640), pid=4892, tid=0x00007f4645623700
#
# JRE version:  (8.0_131-b11) (build )
# Java VM: Java HotSpot(TM) 64-Bit Server VM (25.131-b11 mixed mode linux-amd64 compressed oops)
# Failed to write core dump. Core dumps have been disabled. To enable core dumping, try "ulimit -c unlimited" before starting Java again
#

---------------  T H R E A D  ---------------

Current thread (0x00007f463c00c000):  JavaThread "Unknown thread" [_thread_in_vm, id=4923, stack(0x00007f4645523000,0x00007f4645624000)]

Stack: [0x00007f4645523000,0x00007f4645624000],  sp=0x00007f4645622370,  free space=1020k
Native frames: (J=compiled Java code, j=interpreted, Vv=VM code, C=native code)
V  [libjvm.so+0xac826a]  VMError::report_and_die()+0x2ba
V  [libjvm.so+0x4fd4cb]  report_vm_out_of_memory(char const*, int, unsigned long, VMErrorType, char const*)+0x8b
V  [libjvm.so+0x924f53]  os::Linux::commit_memory_impl(char*, unsigned long, bool)+0x103
V  [libjvm.so+0x9254a9]  os::pd_commit_memory(char*, unsigned long, unsigned long, bool)+0x29
V  [libjvm.so+0x91f6ca]  os::commit_memory(char*, unsigned long, unsigned long, bool)+0x2a
V  [libjvm.so+0xac3fc9]  VirtualSpace::expand_by(unsigned long, bool)+0x199
V  [libjvm.so+0xac4b1e]  VirtualSpace::initialize(ReservedSpace, unsigned long)+0xee
V  [libjvm.so+0x5fb921]  CardGeneration::CardGeneration(ReservedSpace, unsigned long, int, GenRemSet*)+0xf1
V  [libjvm.so+0x4e6b9e]  ConcurrentMarkSweepGeneration::ConcurrentMarkSweepGeneration(ReservedSpace, unsigned long, int, CardTableRS*, bool, FreeBlockDictionary<FreeChunk>::DictionaryChoice)+0x4e
V  [libjvm.so+0x5fc9e2]  GenerationSpec::init(ReservedSpace, int, GenRemSet*)+0xf2
V  [libjvm.so+0x5eb81e]  GenCollectedHeap::initialize()+0x1de
V  [libjvm.so+0xa902e3]  Universe::initialize_heap()+0xf3
V  [libjvm.so+0xa9084e]  universe_init()+0x3e
V  [libjvm.so+0x63e3e5]  init_globals()+0x65
V  [libjvm.so+0xa73f3e]  Threads::create_vm(JavaVMInitArgs*, bool*)+0x23e
V  [libjvm.so+0x6d2ce4]  JNI_CreateJavaVM+0x74
C  [libjli.so+0x745e]  JavaMain+0x9e
C  [libpthread.so.0+0x76ba]  start_thread+0xca


---------------  P R O C E S S  ---------------

Java Threads: ( => current thread )

Other Threads:

=>0x00007f463c00c000 (exited) JavaThread "Unknown thread" [_thread_in_vm, id=4923, stack(0x00007f4645523000,0x00007f4645624000)]

VM state:not at safepoint (not fully initialized)

VM Mutex/Monitor currently owned by a thread: None

GC Heap History (0 events):
No events

Deoptimization events (0 events):
No events

Internal exceptions (0 events):
No events

Events (0 events):
No events


Dynamic libraries:
00400000-00401000 r-xp 00000000 08:06 1478560                            /usr/lib/jvm/java-8-oracle/bin/java
00600000-00601000 rw-p 00000000 08:06 1478560                            /usr/lib/jvm/java-8-oracle/bin/java
00987000-009a8000 rw-p 00000000 00:00 0                                  [heap]
80000000-94cc0000 rw-p 00000000 00:00 0 
7f4618000000-7f4618021000 rw-p 00000000 00:00 0 
7f4618021000-7f461c000000 ---p 00000000 00:00 0 
7f4620000000-7f4620021000 rw-p 00000000 00:00 0 
7f4620021000-7f4624000000 ---p 00000000 00:00 0 
7f4624000000-7f4624021000 rw-p 00000000 00:00 0 
7f4624021000-7f4628000000 ---p 00000000 00:00 0 
7f4628000000-7f4628021000 rw-p 00000000 00:00 0 
7f4628021000-7f462c000000 ---p 00000000 00:00 0 
7f462d000000-7f462d270000 rwxp 00000000 00:00 0 
7f462d270000-7f463c000000 ---p 00000000 00:00 0 
7f463c000000-7f463c040000 rw-p 00000000 00:00 0 
7f463c040000-7f4640000000 ---p 00000000 00:00 0 
7f464143c000-7f4641b6e000 rw-p 00000000 00:00 0 
7f4641b6e000-7f4641ec7000 ---p 00000000 00:00 0 
7f4641ec7000-7f4641ec8000 rw-p 00000000 00:00 0 
7f4641ec8000-7f4641ec9000 ---p 00000000 00:00 0 
7f4641ec9000-7f4641fc9000 rw-p 00000000 00:00 0 
7f4641fc9000-7f4641fca000 ---p 00000000 00:00 0 
7f4641fca000-7f46420ca000 rw-p 00000000 00:00 0 
7f46420ca000-7f46420cb000 ---p 00000000 00:00 0 
7f46420cb000-7f46421cb000 rw-p 00000000 00:00 0 
7f46421cb000-7f46421cc000 ---p 00000000 00:00 0 
7f46421cc000-7f46422d6000 rw-p 00000000 00:00 0 
7f46422d6000-7f464268c000 ---p 00000000 00:00 0 
7f464268c000-7f46426a6000 r-xp 00000000 08:06 1480112                    /usr/lib/jvm/java-8-oracle/jre/lib/amd64/libzip.so
7f46426a6000-7f46428a6000 ---p 0001a000 08:06 1480112                    /usr/lib/jvm/java-8-oracle/jre/lib/amd64/libzip.so
7f46428a6000-7f46428a7000 rw-p 0001a000 08:06 1480112                    /usr/lib/jvm/java-8-oracle/jre/lib/amd64/libzip.so
7f46428a7000-7f46428b2000 r-xp 00000000 08:06 524556                     /lib/x86_64-linux-gnu/libnss_files-2.23.so
7f46428b2000-7f4642ab1000 ---p 0000b000 08:06 524556                     /lib/x86_64-linux-gnu/libnss_files-2.23.so
7f4642ab1000-7f4642ab2000 r--p 0000a000 08:06 524556                     /lib/x86_64-linux-gnu/libnss_files-2.23.so
7f4642ab2000-7f4642ab3000 rw-p 0000b000 08:06 524556                     /lib/x86_64-linux-gnu/libnss_files-2.23.so
7f4642ab3000-7f4642ab9000 rw-p 00000000 00:00 0 
7f4642ab9000-7f4642ac4000 r-xp 00000000 08:06 524559                     /lib/x86_64-linux-gnu/libnss_nis-2.23.so
7f4642ac4000-7f4642cc3000 ---p 0000b000 08:06 524559                     /lib/x86_64-linux-gnu/libnss_nis-2.23.so
7f4642cc3000-7f4642cc4000 r--p 0000a000 08:06 524559                     /lib/x86_64-linux-gnu/libnss_nis-2.23.so
7f4642cc4000-7f4642cc5000 rw-p 0000b000 08:06 524559                     /lib/x86_64-linux-gnu/libnss_nis-2.23.so
7f4642cc5000-7f4642cdb000 r-xp 00000000 08:06 524552                     /lib/x86_64-linux-gnu/libnsl-2.23.so
7f4642cdb000-7f4642eda000 ---p 00016000 08:06 524552                     /lib/x86_64-linux-gnu/libnsl-2.23.so
7f4642eda000-7f4642edb000 r--p 00015000 08:06 524552                     /lib/x86_64-linux-gnu/libnsl-2.23.so
7f4642edb000-7f4642edc000 rw-p 00016000 08:06 524552                     /lib/x86_64-linux-gnu/libnsl-2.23.so
7f4642edc000-7f4642ede000 rw-p 00000000 00:00 0 
7f4642ede000-7f4642ee6000 r-xp 00000000 08:06 524566                     /lib/x86_64-linux-gnu/libnss_compat-2.23.so
7f4642ee6000-7f46430e5000 ---p 00008000 08:06 524566                     /lib/x86_64-linux-gnu/libnss_compat-2.23.so
7f46430e5000-7f46430e6000 r--p 00007000 08:06 524566                     /lib/x86_64-linux-gnu/libnss_compat-2.23.so
7f46430e6000-7f46430e7000 rw-p 00008000 08:06 524566                     /lib/x86_64-linux-gnu/libnss_compat-2.23.so
7f46430e7000-7f4643112000 r-xp 00000000 08:06 1480106                    /usr/lib/jvm/java-8-oracle/jre/lib/amd64/libjava.so
7f4643112000-7f4643311000 ---p 0002b000 08:06 1480106                    /usr/lib/jvm/java-8-oracle/jre/lib/amd64/libjava.so
7f4643311000-7f4643313000 rw-p 0002a000 08:06 1480106                    /usr/lib/jvm/java-8-oracle/jre/lib/amd64/libjava.so
7f4643313000-7f4643320000 r-xp 00000000 08:06 1480111                    /usr/lib/jvm/java-8-oracle/jre/lib/amd64/libverify.so
7f4643320000-7f464351f000 ---p 0000d000 08:06 1480111                    /usr/lib/jvm/java-8-oracle/jre/lib/amd64/libverify.so
7f464351f000-7f4643521000 rw-p 0000c000 08:06 1480111                    /usr/lib/jvm/java-8-oracle/jre/lib/amd64/libverify.so
7f4643521000-7f4643528000 r-xp 00000000 08:06 524561                     /lib/x86_64-linux-gnu/librt-2.23.so
7f4643528000-7f4643727000 ---p 00007000 08:06 524561                     /lib/x86_64-linux-gnu/librt-2.23.so
7f4643727000-7f4643728000 r--p 00006000 08:06 524561                     /lib/x86_64-linux-gnu/librt-2.23.so
7f4643728000-7f4643729000 rw-p 00007000 08:06 524561                     /lib/x86_64-linux-gnu/librt-2.23.so
7f4643729000-7f4643831000 r-xp 00000000 08:06 524572                     /lib/x86_64-linux-gnu/libm-2.23.so
7f4643831000-7f4643a30000 ---p 00108000 08:06 524572                     /lib/x86_64-linux-gnu/libm-2.23.so
7f4643a30000-7f4643a31000 r--p 00107000 08:06 524572                     /lib/x86_64-linux-gnu/libm-2.23.so
7f4643a31000-7f4643a32000 rw-p 00108000 08:06 524572                     /lib/x86_64-linux-gnu/libm-2.23.so
7f4643a32000-7f4644701000 r-xp 00000000 08:06 1480132                    /usr/lib/jvm/java-8-oracle/jre/lib/amd64/server/libjvm.so
7f4644701000-7f4644901000 ---p 00ccf000 08:06 1480132                    /usr/lib/jvm/java-8-oracle/jre/lib/amd64/server/libjvm.so
7f4644901000-7f46449da000 rw-p 00ccf000 08:06 1480132                    /usr/lib/jvm/java-8-oracle/jre/lib/amd64/server/libjvm.so
7f46449da000-7f4644a25000 rw-p 00000000 00:00 0 
7f4644a25000-7f4644be5000 r-xp 00000000 08:06 524577                     /lib/x86_64-linux-gnu/libc-2.23.so
7f4644be5000-7f4644de5000 ---p 001c0000 08:06 524577                     /lib/x86_64-linux-gnu/libc-2.23.so
7f4644de5000-7f4644de9000 r--p 001c0000 08:06 524577                     /lib/x86_64-linux-gnu/libc-2.23.so
7f4644de9000-7f4644deb000 rw-p 001c4000 08:06 524577                     /lib/x86_64-linux-gnu/libc-2.23.so
7f4644deb000-7f4644def000 rw-p 00000000 00:00 0 
7f4644def000-7f4644df2000 r-xp 00000000 08:06 524565                     /lib/x86_64-linux-gnu/libdl-2.23.so
7f4644df2000-7f4644ff1000 ---p 00003000 08:06 524565                     /lib/x86_64-linux-gnu/libdl-2.23.so
7f4644ff1000-7f4644ff2000 r--p 00002000 08:06 524565                     /lib/x86_64-linux-gnu/libdl-2.23.so
7f4644ff2000-7f4644ff3000 rw-p 00003000 08:06 524565                     /lib/x86_64-linux-gnu/libdl-2.23.so
7f4644ff3000-7f4645008000 r-xp 00000000 08:06 1479807                    /usr/lib/jvm/java-8-oracle/lib/amd64/jli/libjli.so
7f4645008000-7f4645208000 ---p 00015000 08:06 1479807                    /usr/lib/jvm/java-8-oracle/lib/amd64/jli/libjli.so
7f4645208000-7f4645209000 rw-p 00015000 08:06 1479807                    /usr/lib/jvm/java-8-oracle/lib/amd64/jli/libjli.so
7f4645209000-7f4645221000 r-xp 00000000 08:06 524558                     /lib/x86_64-linux-gnu/libpthread-2.23.so
7f4645221000-7f4645420000 ---p 00018000 08:06 524558                     /lib/x86_64-linux-gnu/libpthread-2.23.so
7f4645420000-7f4645421000 r--p 00017000 08:06 524558                     /lib/x86_64-linux-gnu/libpthread-2.23.so
7f4645421000-7f4645422000 rw-p 00018000 08:06 524558                     /lib/x86_64-linux-gnu/libpthread-2.23.so
7f4645422000-7f4645426000 rw-p 00000000 00:00 0 
7f4645426000-7f464544c000 r-xp 00000000 08:06 524553                     /lib/x86_64-linux-gnu/ld-2.23.so
7f4645523000-7f4645526000 ---p 00000000 00:00 0 
7f4645526000-7f4645628000 rw-p 00000000 00:00 0 
7f464563f000-7f4645647000 rw-s 00000000 08:06 132297                     /tmp/hsperfdata_adityasriv/4892
7f4645647000-7f4645648000 rw-p 00000000 00:00 0 
7f4645648000-7f4645649000 r--p 00000000 00:00 0 
7f4645649000-7f464564b000 rw-p 00000000 00:00 0 
7f464564b000-7f464564c000 r--p 00025000 08:06 524553                     /lib/x86_64-linux-gnu/ld-2.23.so
7f464564c000-7f464564d000 rw-p 00026000 08:06 524553                     /lib/x86_64-linux-gnu/ld-2.23.so
7f464564d000-7f464564e000 rw-p 00000000 00:00 0 
7ffe26351000-7ffe26473000 rw-p 00000000 00:00 0                          [stack]
7ffe26570000-7ffe26572000 r--p 00000000 00:00 0                          [vvar]
7ffe26572000-7ffe26574000 r-xp 00000000 00:00 0                          [vdso]
ffffffffff600000-ffffffffff601000 r-xp 00000000 00:00 0                  [vsyscall]

VM Arguments:
jvm_args: -Xms2g -Xmx2g -XX:+UseConcMarkSweepGC -XX:CMSInitiatingOccupancyFraction=75 -XX:+UseCMSInitiatingOccupancyOnly -XX:+DisableExplicitGC -XX:+AlwaysPreTouch -Xss1m -Djava.awt.headless=true -Dfile.encoding=UTF-8 -Djna.nosys=true -Djdk.io.permissionsUseCanonicalPath=true -Dio.netty.noUnsafe=true -Dio.netty.noKeySetOptimization=true -Dio.netty.recycler.maxCapacityPerThread=0 -Dlog4j.shutdownHookEnabled=false -Dlog4j2.disable.jmx=true -Dlog4j.skipJansi=true -XX:+HeapDumpOnOutOfMemoryError -Des.path.home=/home/adityasriv/Desktop/ICS-ADS-with-Neural-Networks/ELK/elasticsearch-5.4.3 
java_command: org.elasticsearch.bootstrap.Elasticsearch
java_class_path (initial): /home/adityasriv/Desktop/ICS-ADS-with-Neural-Networks/ELK/elasticsearch-5.4.3/lib/jackson-dataformat-cbor-2.8.6.jar:/home/adityasriv/Desktop/ICS-ADS-with-Neural-Networks/ELK/elasticsearch-5.4.3/lib/joda-time-2.9.5.jar:/home/adityasriv/Desktop/ICS-ADS-with-Neural-Networks/ELK/elasticsearch-5.4.3/lib/jackson-core-2.8.6.jar:/home/adityasriv/Desktop/ICS-ADS-with-Neural-Networks/ELK/elasticsearch-5.4.3/lib/lucene-analyzers-common-6.5.1.jar:/home/adityasriv/Desktop/ICS-ADS-with-Neural-Networks/ELK/elasticsearch-5.4.3/lib/jopt-simple-5.0.2.jar:/home/adityasriv/Desktop/ICS-ADS-with-Neural-Networks/ELK/elasticsearch-5.4.3/lib/hppc-0.7.1.jar:/home/adityasriv/Desktop/ICS-ADS-with-Neural-Networks/ELK/elasticsearch-5.4.3/lib/lucene-queryparser-6.5.1.jar:/home/adityasriv/Desktop/ICS-ADS-with-Neural-Networks/ELK/elasticsearch-5.4.3/lib/lucene-spatial-extras-6.5.1.jar:/home/adityasriv/Desktop/ICS-ADS-with-Neural-Networks/ELK/elasticsearch-5.4.3/lib/lucene-grouping-6.5.1.jar:/home/adityasriv/Desktop/ICS-ADS-with-Neural-Networks/ELK/elasticsearch-5.4.3/lib/HdrHistogram-2.1.9.jar:/home/adityasriv/Desktop/ICS-ADS-with-Neural-Networks/ELK/elasticsearch-5.4.3/lib/lucene-memory-6.5.1.jar:/home/adityasriv/Desktop/ICS-ADS-with-Neural-Networks/ELK/elasticsearch-5.4.3/lib/securesm-1.1.jar:/home/adityasriv/Desktop/ICS-ADS-with-Neural-Networks/ELK/elasticsearch-5.4.3/lib/log4j-api-2.8.2.jar:/home/adityasriv/Desktop/ICS-ADS-with-Neural-Networks/ELK/elasticsearch-5.4.3/lib/log4j-1.2-api-2.8.2.jar:/home/adityasriv/Desktop/ICS-ADS-with-Neural-Networks/ELK/elasticsearch-5.4.3/lib/t-digest-3.0.jar:/home/adityasriv/Desktop/ICS-ADS-with-Neural-Networks/ELK/elasticsearch-5.4.3/lib/lucene-queries-6.5.1.jar:/home/adityasriv/Desktop/ICS-ADS-with-Neural-Networks/ELK/elasticsearch-5.4.3/lib/lucene-spatial3d-6.5.1.jar:/home/adityasriv/Desktop/ICS-ADS-with-Neural-Networks/ELK/elasticsearch-5.4.3/lib/lucene-core-6.5.1.jar:/home/adityasriv/Desktop/ICS-ADS-with-Neural-Networks/ELK/ela
Launcher Type: SUN_STANDARD

Environment Variables:
JAVA_HOME=/usr/lib/jvm/java-8-oracle
PATH=/home/adityasriv/bin:/home/adityasriv/.local/bin:/usr/local/sbin:/usr/local/bin:/usr/sbin:/usr/bin:/sbin:/bin:/usr/games:/usr/local/games:/snap/bin:/usr/lib/jvm/java-8-oracle/bin:/usr/lib/jvm/java-8-oracle/db/bin:/usr/lib/jvm/java-8-oracle/jre/bin
SHELL=/bin/bash
DISPLAY=:0

Signal Handlers:
SIGSEGV: [libjvm.so+0xac8af0], sa_mask[0]=11111111011111111101111111111110, sa_flags=SA_RESTART|SA_SIGINFO
SIGBUS: [libjvm.so+0xac8af0], sa_mask[0]=11111111011111111101111111111110, sa_flags=SA_RESTART|SA_SIGINFO
SIGFPE: [libjvm.so+0x921dd0], sa_mask[0]=11111111011111111101111111111110, sa_flags=SA_RESTART|SA_SIGINFO
SIGPIPE: [libjvm.so+0x921dd0], sa_mask[0]=11111111011111111101111111111110, sa_flags=SA_RESTART|SA_SIGINFO
SIGXFSZ: [libjvm.so+0x921dd0], sa_mask[0]=11111111011111111101111111111110, sa_flags=SA_RESTART|SA_SIGINFO
SIGILL: [libjvm.so+0x921dd0], sa_mask[0]=11111111011111111101111111111110, sa_flags=SA_RESTART|SA_SIGINFO
SIGUSR1: SIG_DFL, sa_mask[0]=00000000000000000000000000000000, sa_flags=none
SIGUSR2: [libjvm.so+0x923610], sa_mask[0]=00000000000000000000000000000000, sa_flags=SA_RESTART|SA_SIGINFO
SIGHUP: SIG_DFL, sa_mask[0]=00000000000000000000000000000000, sa_flags=none
SIGINT: SIG_DFL, sa_mask[0]=00000000000000000000000000000000, sa_flags=none
SIGTERM: SIG_DFL, sa_mask[0]=00000000000000000000000000000000, sa_flags=none
SIGQUIT: SIG_DFL, sa_mask[0]=00000000000000000000000000000000, sa_flags=none


---------------  S Y S T E M  ---------------

OS:DISTRIB_ID=Ubuntu
DISTRIB_RELEASE=16.04
DISTRIB_CODENAME=xenial
DISTRIB_DESCRIPTION="Ubuntu 16.04.2 LTS"

uname:Linux 4.4.0-81-generic #104-Ubuntu SMP Wed Jun 14 08:17:06 UTC 2017 x86_64
libc:glibc 2.23 NPTL 2.23 
rlimit: STACK 8192k, CORE 0k, NPROC 15176, NOFILE 65536, AS infinity
load average:0.20 0.24 0.29

/proc/meminfo:
MemTotal:        3925704 kB
MemFree:          143368 kB
MemAvailable:     111412 kB
Buffers:            7216 kB
Cached:           403744 kB
SwapCached:            0 kB
Active:          2352964 kB
Inactive:         308004 kB
Active(anon):    2284792 kB
Inactive(anon):   237460 kB
Active(file):      68172 kB
Inactive(file):    70544 kB
Unevictable:          48 kB
Mlocked:              48 kB
SwapTotal:             0 kB
SwapFree:              0 kB
Dirty:               268 kB
Writeback:             0 kB
AnonPages:       2250268 kB
Mapped:          1137432 kB
Shmem:            271988 kB
Slab:              82952 kB
SReclaimable:      37912 kB
SUnreclaim:        45040 kB
KernelStack:       10272 kB
PageTables:        42956 kB
NFS_Unstable:          0 kB
Bounce:                0 kB
WritebackTmp:          0 kB
CommitLimit:     1962852 kB
Committed_AS:    8520504 kB
VmallocTotal:   34359738367 kB
VmallocUsed:           0 kB
VmallocChunk:          0 kB
HardwareCorrupted:     0 kB
AnonHugePages:    616448 kB
CmaTotal:              0 kB
CmaFree:               0 kB
HugePages_Total:       0
HugePages_Free:        0
HugePages_Rsvd:        0
HugePages_Surp:        0
Hugepagesize:       2048 kB
DirectMap4k:      131836 kB
DirectMap2M:     3942400 kB


CPU:total 4 (initial active 4) (2 cores per cpu, 2 threads per core) family 6 model 58 stepping 9, cmov, cx8, fxsr, mmx, sse, sse2, sse3, ssse3, sse4.1, sse4.2, popcnt, avx, clmul, erms, ht, tsc, tscinvbit, tscinv

/proc/cpuinfo:
processor	: 0
vendor_id	: GenuineIntel
cpu family	: 6
model		: 58
model name	: Intel(R) Core(TM) i3-3110M CPU @ 2.40GHz
stepping	: 9
microcode	: 0x1c
cpu MHz		: 1286.156
cache size	: 3072 KB
physical id	: 0
siblings	: 4
core id		: 0
cpu cores	: 2
apicid		: 0
initial apicid	: 0
fpu		: yes
fpu_exception	: yes
cpuid level	: 13
wp		: yes
flags		: fpu vme de pse tsc msr pae mce cx8 apic sep mtrr pge mca cmov pat pse36 clflush dts acpi mmx fxsr sse sse2 ss ht tm pbe syscall nx rdtscp lm constant_tsc arch_perfmon pebs bts rep_good nopl xtopology nonstop_tsc aperfmperf eagerfpu pni pclmulqdq dtes64 monitor ds_cpl vmx est tm2 ssse3 cx16 xtpr pdcm pcid sse4_1 sse4_2 x2apic popcnt tsc_deadline_timer xsave avx f16c lahf_lm epb tpr_shadow vnmi flexpriority ept vpid fsgsbase smep erms xsaveopt dtherm arat pln pts
bugs		:
bogomips	: 4788.82
clflush size	: 64
cache_alignment	: 64
address sizes	: 36 bits physical, 48 bits virtual
power management:

processor	: 1
vendor_id	: GenuineIntel
cpu family	: 6
model		: 58
model name	: Intel(R) Core(TM) i3-3110M CPU @ 2.40GHz
stepping	: 9
microcode	: 0x1c
cpu MHz		: 1211.625
cache size	: 3072 KB
physical id	: 0
siblings	: 4
core id		: 0
cpu cores	: 2
apicid		: 1
initial apicid	: 1
fpu		: yes
fpu_exception	: yes
cpuid level	: 13
wp		: yes
flags		: fpu vme de pse tsc msr pae mce cx8 apic sep mtrr pge mca cmov pat pse36 clflush dts acpi mmx fxsr sse sse2 ss ht tm pbe syscall nx rdtscp lm constant_tsc arch_perfmon pebs bts rep_good nopl xtopology nonstop_tsc aperfmperf eagerfpu pni pclmulqdq dtes64 monitor ds_cpl vmx est tm2 ssse3 cx16 xtpr pdcm pcid sse4_1 sse4_2 x2apic popcnt tsc_deadline_timer xsave avx f16c lahf_lm epb tpr_shadow vnmi flexpriority ept vpid fsgsbase smep erms xsaveopt dtherm arat pln pts
bugs		:
bogomips	: 4788.82
clflush size	: 64
cache_alignment	: 64
address sizes	: 36 bits physical, 48 bits virtual
power management:

processor	: 2
vendor_id	: GenuineIntel
cpu family	: 6
model		: 58
model name	: Intel(R) Core(TM) i3-3110M CPU @ 2.40GHz
stepping	: 9
microcode	: 0x1c
cpu MHz		: 1231.781
cache size	: 3072 KB
physical id	: 0
siblings	: 4
core id		: 1
cpu cores	: 2
apicid		: 2
initial apicid	: 2
fpu		: yes
fpu_exception	: yes
cpuid level	: 13
wp		: yes
flags		: fpu vme de pse tsc msr pae mce cx8 apic sep mtrr pge mca cmov pat pse36 clflush dts acpi mmx fxsr sse sse2 ss ht tm pbe syscall nx rdtscp lm constant_tsc arch_perfmon pebs bts rep_good nopl xtopology nonstop_tsc aperfmperf eagerfpu pni pclmulqdq dtes64 monitor ds_cpl vmx est tm2 ssse3 cx16 xtpr pdcm pcid sse4_1 sse4_2 x2apic popcnt tsc_deadline_timer xsave avx f16c lahf_lm epb tpr_shadow vnmi flexpriority ept vpid fsgsbase smep erms xsaveopt dtherm arat pln pts
bugs		:
bogomips	: 4788.82
clflush size	: 64
cache_alignment	: 64
address sizes	: 36 bits physical, 48 bits virtual
power management:

processor	: 3
vendor_id	: GenuineIntel
cpu family	: 6
model		: 58
model name	: Intel(R) Core(TM) i3-3110M CPU @ 2.40GHz
stepping	: 9
microcode	: 0x1c
cpu MHz		: 1295.343
cache size	: 3072 KB
physical id	: 0
siblings	: 4
core id		: 1
cpu cores	: 2
apicid		: 3
initial apicid	: 3
fpu		: yes
fpu_exception	: yes
cpuid level	: 13
wp		: yes
flags		: fpu vme de pse tsc msr pae mce cx8 apic sep mtrr pge mca cmov pat pse36 clflush dts acpi mmx fxsr sse sse2 ss ht tm pbe syscall nx rdtscp lm constant_tsc arch_perfmon pebs bts rep_good nopl xtopology nonstop_tsc aperfmperf eagerfpu pni pclmulqdq dtes64 monitor ds_cpl vmx est tm2 ssse3 cx16 xtpr pdcm pcid sse4_1 sse4_2 x2apic popcnt tsc_deadline_timer xsave avx f16c lahf_lm epb tpr_shadow vnmi flexpriority ept vpid fsgsbase smep erms xsaveopt dtherm arat pln pts
bugs		:
bogomips	: 4788.82
clflush size	: 64
cache_alignment	: 64
address sizes	: 36 bits physical, 48 bits virtual
power management:



Memory: 4k page, physical 3925704k(143368k free), swap 0k(0k free)

vm_info: Java HotSpot(TM) 64-Bit Server VM (25.131-b11) for linux-amd64 JRE (1.8.0_131-b11), built on Mar 15 2017 01:23:40 by "java_re" with gcc 4.3.0 20080428 (Red Hat 4.3.0-8)

time: Wed Jul  5 18:00:27 2017
elapsed time: 0 seconds (0d 0h 0m 0s)

